{"/Users/eugenia/Documents/HR/fec-zagat/zagat-photos-service/client/components/Gallery.jsx": {"path":"/Users/eugenia/Documents/HR/fec-zagat/zagat-photos-service/client/components/Gallery.jsx","statementMap":{"0":{"start":{"line":9,"column":4},"end":{"line":9,"column":17}},"1":{"start":{"line":11,"column":4},"end":{"line":20,"column":6}},"2":{"start":{"line":22,"column":4},"end":{"line":22,"column":47}},"3":{"start":{"line":23,"column":4},"end":{"line":23,"column":47}},"4":{"start":{"line":24,"column":4},"end":{"line":24,"column":49}},"5":{"start":{"line":25,"column":4},"end":{"line":25,"column":49}},"6":{"start":{"line":26,"column":4},"end":{"line":26,"column":47}},"7":{"start":{"line":27,"column":4},"end":{"line":27,"column":47}},"8":{"start":{"line":31,"column":4},"end":{"line":31,"column":21}},"9":{"start":{"line":35,"column":19},"end":{"line":35,"column":29}},"10":{"start":{"line":36,"column":4},"end":{"line":49,"column":9}},"11":{"start":{"line":43,"column":21},"end":{"line":43,"column":32}},"12":{"start":{"line":45,"column":8},"end":{"line":48,"column":11}},"13":{"start":{"line":53,"column":4},"end":{"line":68,"column":5}},"14":{"start":{"line":54,"column":6},"end":{"line":60,"column":9}},"15":{"start":{"line":62,"column":6},"end":{"line":67,"column":9}},"16":{"start":{"line":72,"column":4},"end":{"line":79,"column":13}},"17":{"start":{"line":75,"column":13},"end":{"line":79,"column":11}},"18":{"start":{"line":76,"column":6},"end":{"line":78,"column":9}},"19":{"start":{"line":83,"column":4},"end":{"line":92,"column":5}},"20":{"start":{"line":84,"column":6},"end":{"line":87,"column":9}},"21":{"start":{"line":89,"column":6},"end":{"line":91,"column":9}},"22":{"start":{"line":96,"column":37},"end":{"line":96,"column":47}},"23":{"start":{"line":97,"column":14},"end":{"line":97,"column":30}},"24":{"start":{"line":98,"column":4},"end":{"line":107,"column":5}},"25":{"start":{"line":99,"column":6},"end":{"line":101,"column":9}},"26":{"start":{"line":103,"column":24},"end":{"line":103,"column":37}},"27":{"start":{"line":104,"column":6},"end":{"line":106,"column":9}},"28":{"start":{"line":111,"column":37},"end":{"line":111,"column":47}},"29":{"start":{"line":112,"column":14},"end":{"line":112,"column":30}},"30":{"start":{"line":113,"column":22},"end":{"line":113,"column":43}},"31":{"start":{"line":114,"column":4},"end":{"line":116,"column":7}},"32":{"start":{"line":122,"column":8},"end":{"line":122,"column":18}},"33":{"start":{"line":123,"column":4},"end":{"line":142,"column":6}}},"fnMap":{"0":{"name":"(anonymous_0)","decl":{"start":{"line":8,"column":2},"end":{"line":8,"column":3}},"loc":{"start":{"line":8,"column":21},"end":{"line":28,"column":3}},"line":8},"1":{"name":"(anonymous_1)","decl":{"start":{"line":30,"column":2},"end":{"line":30,"column":3}},"loc":{"start":{"line":30,"column":22},"end":{"line":32,"column":3}},"line":30},"2":{"name":"(anonymous_2)","decl":{"start":{"line":34,"column":2},"end":{"line":34,"column":3}},"loc":{"start":{"line":34,"column":14},"end":{"line":50,"column":3}},"line":34},"3":{"name":"(anonymous_3)","decl":{"start":{"line":43,"column":12},"end":{"line":43,"column":13}},"loc":{"start":{"line":43,"column":21},"end":{"line":43,"column":32}},"line":43},"4":{"name":"(anonymous_4)","decl":{"start":{"line":44,"column":12},"end":{"line":44,"column":13}},"loc":{"start":{"line":44,"column":22},"end":{"line":49,"column":7}},"line":44},"5":{"name":"(anonymous_5)","decl":{"start":{"line":52,"column":2},"end":{"line":52,"column":3}},"loc":{"start":{"line":52,"column":26},"end":{"line":69,"column":3}},"line":52},"6":{"name":"(anonymous_6)","decl":{"start":{"line":71,"column":2},"end":{"line":71,"column":3}},"loc":{"start":{"line":71,"column":15},"end":{"line":80,"column":3}},"line":71},"7":{"name":"(anonymous_7)","decl":{"start":{"line":75,"column":7},"end":{"line":75,"column":8}},"loc":{"start":{"line":75,"column":13},"end":{"line":79,"column":11}},"line":75},"8":{"name":"(anonymous_8)","decl":{"start":{"line":75,"column":24},"end":{"line":75,"column":25}},"loc":{"start":{"line":75,"column":30},"end":{"line":79,"column":5}},"line":75},"9":{"name":"(anonymous_9)","decl":{"start":{"line":82,"column":2},"end":{"line":82,"column":3}},"loc":{"start":{"line":82,"column":27},"end":{"line":93,"column":3}},"line":82},"10":{"name":"(anonymous_10)","decl":{"start":{"line":95,"column":2},"end":{"line":95,"column":3}},"loc":{"start":{"line":95,"column":14},"end":{"line":108,"column":3}},"line":95},"11":{"name":"(anonymous_11)","decl":{"start":{"line":110,"column":2},"end":{"line":110,"column":3}},"loc":{"start":{"line":110,"column":14},"end":{"line":117,"column":3}},"line":110},"12":{"name":"(anonymous_12)","decl":{"start":{"line":119,"column":2},"end":{"line":119,"column":3}},"loc":{"start":{"line":119,"column":11},"end":{"line":143,"column":3}},"line":119}},"branchMap":{"0":{"loc":{"start":{"line":53,"column":4},"end":{"line":68,"column":5}},"type":"if","locations":[{"start":{"line":53,"column":4},"end":{"line":68,"column":5}},{"start":{"line":53,"column":4},"end":{"line":68,"column":5}}],"line":53},"1":{"loc":{"start":{"line":83,"column":4},"end":{"line":92,"column":5}},"type":"if","locations":[{"start":{"line":83,"column":4},"end":{"line":92,"column":5}},{"start":{"line":83,"column":4},"end":{"line":92,"column":5}}],"line":83},"2":{"loc":{"start":{"line":98,"column":4},"end":{"line":107,"column":5}},"type":"if","locations":[{"start":{"line":98,"column":4},"end":{"line":107,"column":5}},{"start":{"line":98,"column":4},"end":{"line":107,"column":5}}],"line":98},"3":{"loc":{"start":{"line":126,"column":9},"end":{"line":139,"column":9}},"type":"binary-expr","locations":[{"start":{"line":126,"column":9},"end":{"line":126,"column":18}},{"start":{"line":127,"column":10},"end":{"line":138,"column":12}}],"line":126}},"s":{"0":24,"1":24,"2":24,"3":24,"4":24,"5":24,"6":24,"7":24,"8":24,"9":24,"10":24,"11":24,"12":24,"13":21,"14":14,"15":7,"16":4,"17":4,"18":0,"19":3,"20":2,"21":1,"22":2,"23":2,"24":2,"25":1,"26":1,"27":1,"28":2,"29":2,"30":2,"31":2,"32":101,"33":101},"f":{"0":24,"1":24,"2":24,"3":24,"4":24,"5":21,"6":4,"7":4,"8":0,"9":3,"10":2,"11":2,"12":101},"b":{"0":[14,7],"1":[2,1],"2":[1,1],"3":[101,49]},"_coverageSchema":"43e27e138ebf9cfc5966b082cf9a028302ed4184","hash":"d9f8ab02965e059cabbabf737c4f5a2864c4b1b0"}
,"/Users/eugenia/Documents/HR/fec-zagat/zagat-photos-service/client/components/GridModal.jsx": {"path":"/Users/eugenia/Documents/HR/fec-zagat/zagat-photos-service/client/components/GridModal.jsx","statementMap":{"0":{"start":{"line":11,"column":6},"end":{"line":11,"column":11}},"1":{"start":{"line":13,"column":2},"end":{"line":32,"column":4}},"2":{"start":{"line":26,"column":10},"end":{"line":28,"column":27}},"3":{"start":{"line":26,"column":41},"end":{"line":26,"column":71}},"4":{"start":{"line":35,"column":0},"end":{"line":41,"column":2}},"5":{"start":{"line":43,"column":0},"end":{"line":47,"column":2}}},"fnMap":{"0":{"name":"GridModal","decl":{"start":{"line":8,"column":24},"end":{"line":8,"column":33}},"loc":{"start":{"line":8,"column":41},"end":{"line":33,"column":1}},"line":8},"1":{"name":"(anonymous_1)","decl":{"start":{"line":25,"column":20},"end":{"line":25,"column":21}},"loc":{"start":{"line":26,"column":10},"end":{"line":28,"column":27}},"line":26},"2":{"name":"(anonymous_2)","decl":{"start":{"line":26,"column":35},"end":{"line":26,"column":36}},"loc":{"start":{"line":26,"column":41},"end":{"line":26,"column":71}},"line":26}},"branchMap":{},"s":{"0":25,"1":25,"2":119,"3":3,"4":2,"5":2},"f":{"0":25,"1":119,"2":3},"b":{},"_coverageSchema":"43e27e138ebf9cfc5966b082cf9a028302ed4184","hash":"e2a4fed6229b7e8197f791e214d1d2e23d397f18"}
,"/Users/eugenia/Documents/HR/fec-zagat/zagat-photos-service/client/components/Modal.jsx": {"path":"/Users/eugenia/Documents/HR/fec-zagat/zagat-photos-service/client/components/Modal.jsx","statementMap":{"0":{"start":{"line":11,"column":6},"end":{"line":11,"column":11}},"1":{"start":{"line":13,"column":2},"end":{"line":37,"column":4}},"2":{"start":{"line":41,"column":0},"end":{"line":52,"column":2}},"3":{"start":{"line":54,"column":0},"end":{"line":61,"column":2}}},"fnMap":{"0":{"name":"Modal","decl":{"start":{"line":7,"column":24},"end":{"line":7,"column":29}},"loc":{"start":{"line":7,"column":37},"end":{"line":38,"column":1}},"line":7}},"branchMap":{"0":{"loc":{"start":{"line":15,"column":7},"end":{"line":26,"column":7}},"type":"binary-expr","locations":[{"start":{"line":15,"column":7},"end":{"line":15,"column":27}},{"start":{"line":16,"column":8},"end":{"line":25,"column":10}}],"line":15},"1":{"loc":{"start":{"line":27,"column":7},"end":{"line":35,"column":7}},"type":"binary-expr","locations":[{"start":{"line":27,"column":7},"end":{"line":27,"column":22}},{"start":{"line":28,"column":8},"end":{"line":34,"column":10}}],"line":27}},"s":{"0":52,"1":52,"2":2,"3":2},"f":{"0":52},"b":{"0":[52,36],"1":[52,16]},"_coverageSchema":"43e27e138ebf9cfc5966b082cf9a028302ed4184","hash":"aae261fb0f6356c124998f4e8c4264ef91d47b99"}
,"/Users/eugenia/Documents/HR/fec-zagat/zagat-photos-service/client/components/Photos.jsx": {"path":"/Users/eugenia/Documents/HR/fec-zagat/zagat-photos-service/client/components/Photos.jsx","statementMap":{"0":{"start":{"line":7,"column":21},"end":{"line":7,"column":39}},"1":{"start":{"line":9,"column":2},"end":{"line":17,"column":4}},"2":{"start":{"line":12,"column":8},"end":{"line":14,"column":26}},"3":{"start":{"line":12,"column":50},"end":{"line":12,"column":79}},"4":{"start":{"line":20,"column":0},"end":{"line":23,"column":2}},"5":{"start":{"line":25,"column":0},"end":{"line":27,"column":2}}},"fnMap":{"0":{"name":"Photos","decl":{"start":{"line":6,"column":24},"end":{"line":6,"column":30}},"loc":{"start":{"line":6,"column":54},"end":{"line":18,"column":1}},"line":6},"1":{"name":"(anonymous_1)","decl":{"start":{"line":11,"column":22},"end":{"line":11,"column":23}},"loc":{"start":{"line":12,"column":8},"end":{"line":14,"column":26}},"line":12},"2":{"name":"(anonymous_2)","decl":{"start":{"line":12,"column":44},"end":{"line":12,"column":45}},"loc":{"start":{"line":12,"column":50},"end":{"line":12,"column":79}},"line":12}},"branchMap":{},"s":{"0":93,"1":93,"2":504,"3":15,"4":2,"5":2},"f":{"0":93,"1":504,"2":15},"b":{},"_coverageSchema":"43e27e138ebf9cfc5966b082cf9a028302ed4184","hash":"c33913e1ccbcb1525dfd376642e9375ed2ab52e5"}
,"/Users/eugenia/Documents/HR/fec-zagat/zagat-photos-service/client/components/ShowGridModalBox.jsx": {"path":"/Users/eugenia/Documents/HR/fec-zagat/zagat-photos-service/client/components/ShowGridModalBox.jsx","statementMap":{"0":{"start":{"line":7,"column":2},"end":{"line":15,"column":4}},"1":{"start":{"line":8,"column":32},"end":{"line":8,"column":49}},"2":{"start":{"line":18,"column":0},"end":{"line":21,"column":2}},"3":{"start":{"line":23,"column":0},"end":{"line":25,"column":2}}},"fnMap":{"0":{"name":"ShowGridModalBox","decl":{"start":{"line":6,"column":24},"end":{"line":6,"column":40}},"loc":{"start":{"line":6,"column":64},"end":{"line":16,"column":1}},"line":6},"1":{"name":"(anonymous_1)","decl":{"start":{"line":8,"column":26},"end":{"line":8,"column":27}},"loc":{"start":{"line":8,"column":32},"end":{"line":8,"column":49}},"line":8}},"branchMap":{},"s":{"0":93,"1":8,"2":2,"3":2},"f":{"0":93,"1":8},"b":{},"_coverageSchema":"43e27e138ebf9cfc5966b082cf9a028302ed4184","hash":"b4bb36833a4f7e3bbbd13e4d1b81e88cde69e2f2"}
,"/Users/eugenia/Documents/HR/fec-zagat/zagat-photos-service/client/components/SlideshowModal.jsx": {"path":"/Users/eugenia/Documents/HR/fec-zagat/zagat-photos-service/client/components/SlideshowModal.jsx","statementMap":{"0":{"start":{"line":14,"column":6},"end":{"line":14,"column":11}},"1":{"start":{"line":16,"column":2},"end":{"line":53,"column":4}},"2":{"start":{"line":21,"column":33},"end":{"line":21,"column":51}},"3":{"start":{"line":56,"column":0},"end":{"line":65,"column":2}},"4":{"start":{"line":67,"column":0},"end":{"line":72,"column":2}}},"fnMap":{"0":{"name":"SlideshowModal","decl":{"start":{"line":11,"column":24},"end":{"line":11,"column":38}},"loc":{"start":{"line":11,"column":46},"end":{"line":54,"column":1}},"line":11},"1":{"name":"(anonymous_1)","decl":{"start":{"line":21,"column":27},"end":{"line":21,"column":28}},"loc":{"start":{"line":21,"column":33},"end":{"line":21,"column":51}},"line":21}},"branchMap":{},"s":{"0":53,"1":53,"2":2,"3":2,"4":2},"f":{"0":53,"1":2},"b":{},"_coverageSchema":"43e27e138ebf9cfc5966b082cf9a028302ed4184","hash":"e7bf3de884aa6bcd5b48909e419dadc7d1a8ca77"}
,"/Users/eugenia/Documents/HR/fec-zagat/zagat-photos-service/client/styled/Buttons.jsx": {"path":"/Users/eugenia/Documents/HR/fec-zagat/zagat-photos-service/client/styled/Buttons.jsx","statementMap":{"0":{"start":{"line":3,"column":25},"end":{"line":8,"column":1}},"1":{"start":{"line":10,"column":20},"end":{"line":28,"column":1}},"2":{"start":{"line":30,"column":28},"end":{"line":32,"column":1}},"3":{"start":{"line":34,"column":28},"end":{"line":36,"column":1}}},"fnMap":{},"branchMap":{},"s":{"0":2,"1":2,"2":2,"3":2},"f":{},"b":{},"_coverageSchema":"43e27e138ebf9cfc5966b082cf9a028302ed4184","hash":"fd5b5d1ec79e870562db0852d392ad43d7d37875"}
,"/Users/eugenia/Documents/HR/fec-zagat/zagat-photos-service/client/styled/Gallery.jsx": {"path":"/Users/eugenia/Documents/HR/fec-zagat/zagat-photos-service/client/styled/Gallery.jsx","statementMap":{"0":{"start":{"line":3,"column":25},"end":{"line":20,"column":1}}},"fnMap":{},"branchMap":{},"s":{"0":2},"f":{},"b":{},"_coverageSchema":"43e27e138ebf9cfc5966b082cf9a028302ed4184","hash":"66b051677dbec15787a34a80b2aa80a35526a333"}
,"/Users/eugenia/Documents/HR/fec-zagat/zagat-photos-service/client/styled/GridModal.jsx": {"path":"/Users/eugenia/Documents/HR/fec-zagat/zagat-photos-service/client/styled/GridModal.jsx","statementMap":{"0":{"start":{"line":4,"column":26},"end":{"line":30,"column":1}},"1":{"start":{"line":13,"column":30},"end":{"line":13,"column":65}},"2":{"start":{"line":32,"column":30},"end":{"line":67,"column":1}}},"fnMap":{"0":{"name":"(anonymous_0)","decl":{"start":{"line":13,"column":20},"end":{"line":13,"column":21}},"loc":{"start":{"line":13,"column":30},"end":{"line":13,"column":65}},"line":13}},"branchMap":{"0":{"loc":{"start":{"line":13,"column":30},"end":{"line":13,"column":65}},"type":"cond-expr","locations":[{"start":{"line":13,"column":49},"end":{"line":13,"column":56}},{"start":{"line":13,"column":59},"end":{"line":13,"column":65}}],"line":13}},"s":{"0":2,"1":15,"2":2},"f":{"0":15},"b":{"0":[2,13]},"_coverageSchema":"43e27e138ebf9cfc5966b082cf9a028302ed4184","hash":"ffa2eb5da7fcba736646c8b41e909dc944462981"}
,"/Users/eugenia/Documents/HR/fec-zagat/zagat-photos-service/client/styled/Icons.jsx": {"path":"/Users/eugenia/Documents/HR/fec-zagat/zagat-photos-service/client/styled/Icons.jsx","statementMap":{"0":{"start":{"line":3,"column":24},"end":{"line":16,"column":1}},"1":{"start":{"line":18,"column":30},"end":{"line":41,"column":1}},"2":{"start":{"line":43,"column":24},"end":{"line":48,"column":1}}},"fnMap":{},"branchMap":{},"s":{"0":2,"1":2,"2":2},"f":{},"b":{},"_coverageSchema":"43e27e138ebf9cfc5966b082cf9a028302ed4184","hash":"09231cea18aa37ff1412c904cbbd1daa5abd36f1"}
,"/Users/eugenia/Documents/HR/fec-zagat/zagat-photos-service/client/styled/Keyframes.jsx": {"path":"/Users/eugenia/Documents/HR/fec-zagat/zagat-photos-service/client/styled/Keyframes.jsx","statementMap":{"0":{"start":{"line":3,"column":22},"end":{"line":12,"column":1}},"1":{"start":{"line":14,"column":23},"end":{"line":27,"column":1}}},"fnMap":{},"branchMap":{},"s":{"0":2,"1":2},"f":{},"b":{},"_coverageSchema":"43e27e138ebf9cfc5966b082cf9a028302ed4184","hash":"f6016e7ff2922fdfd3dfd809da74a873cb158698"}
,"/Users/eugenia/Documents/HR/fec-zagat/zagat-photos-service/client/styled/Modal.jsx": {"path":"/Users/eugenia/Documents/HR/fec-zagat/zagat-photos-service/client/styled/Modal.jsx","statementMap":{"0":{"start":{"line":4,"column":30},"end":{"line":16,"column":1}},"1":{"start":{"line":14,"column":30},"end":{"line":14,"column":65}},"2":{"start":{"line":18,"column":26},"end":{"line":25,"column":1}}},"fnMap":{"0":{"name":"(anonymous_0)","decl":{"start":{"line":14,"column":20},"end":{"line":14,"column":21}},"loc":{"start":{"line":14,"column":30},"end":{"line":14,"column":65}},"line":14}},"branchMap":{"0":{"loc":{"start":{"line":14,"column":30},"end":{"line":14,"column":65}},"type":"cond-expr","locations":[{"start":{"line":14,"column":50},"end":{"line":14,"column":56}},{"start":{"line":14,"column":59},"end":{"line":14,"column":65}}],"line":14}},"s":{"0":2,"1":47,"2":2},"f":{"0":47},"b":{"0":[43,4]},"_coverageSchema":"43e27e138ebf9cfc5966b082cf9a028302ed4184","hash":"726c644ba7e767b1851b8f0cd3a2c99131ab7245"}
,"/Users/eugenia/Documents/HR/fec-zagat/zagat-photos-service/client/styled/Photos.jsx": {"path":"/Users/eugenia/Documents/HR/fec-zagat/zagat-photos-service/client/styled/Photos.jsx","statementMap":{"0":{"start":{"line":3,"column":31},"end":{"line":9,"column":1}},"1":{"start":{"line":11,"column":21},"end":{"line":43,"column":1}},"2":{"start":{"line":45,"column":20},"end":{"line":51,"column":1}},"3":{"start":{"line":46,"column":19},"end":{"line":46,"column":38}},"4":{"start":{"line":47,"column":17},"end":{"line":47,"column":36}},"5":{"start":{"line":48,"column":19},"end":{"line":48,"column":46}},"6":{"start":{"line":49,"column":17},"end":{"line":49,"column":29}},"7":{"start":{"line":50,"column":2},"end":{"line":50,"column":61}},"8":{"start":{"line":53,"column":31},"end":{"line":55,"column":1}},"9":{"start":{"line":54,"column":24},"end":{"line":54,"column":44}}},"fnMap":{"0":{"name":"(anonymous_0)","decl":{"start":{"line":45,"column":20},"end":{"line":45,"column":21}},"loc":{"start":{"line":45,"column":27},"end":{"line":51,"column":1}},"line":45},"1":{"name":"(anonymous_1)","decl":{"start":{"line":54,"column":15},"end":{"line":54,"column":16}},"loc":{"start":{"line":54,"column":24},"end":{"line":54,"column":44}},"line":54}},"branchMap":{"0":{"loc":{"start":{"line":46,"column":19},"end":{"line":46,"column":38}},"type":"cond-expr","locations":[{"start":{"line":46,"column":33},"end":{"line":46,"column":34}},{"start":{"line":46,"column":37},"end":{"line":46,"column":38}}],"line":46},"1":{"loc":{"start":{"line":47,"column":17},"end":{"line":47,"column":36}},"type":"cond-expr","locations":[{"start":{"line":47,"column":31},"end":{"line":47,"column":32}},{"start":{"line":47,"column":35},"end":{"line":47,"column":36}}],"line":47}},"s":{"0":2,"1":2,"2":2,"3":490,"4":490,"5":490,"6":490,"7":490,"8":2,"9":490},"f":{"0":490,"1":490},"b":{"0":[350,140],"1":[350,140]},"_coverageSchema":"43e27e138ebf9cfc5966b082cf9a028302ed4184","hash":"60fb93862a3215e447d326ed7f2bb24cc8a24d43"}
,"/Users/eugenia/Documents/HR/fec-zagat/zagat-photos-service/client/styled/ShowGridModalBox.jsx": {"path":"/Users/eugenia/Documents/HR/fec-zagat/zagat-photos-service/client/styled/ShowGridModalBox.jsx","statementMap":{"0":{"start":{"line":3,"column":20},"end":{"line":21,"column":1}}},"fnMap":{},"branchMap":{},"s":{"0":2},"f":{},"b":{},"_coverageSchema":"43e27e138ebf9cfc5966b082cf9a028302ed4184","hash":"2f729fe953d9a86976b486dafe7cbaddcf20f3e7"}
,"/Users/eugenia/Documents/HR/fec-zagat/zagat-photos-service/client/styled/SlideshowModal.jsx": {"path":"/Users/eugenia/Documents/HR/fec-zagat/zagat-photos-service/client/styled/SlideshowModal.jsx","statementMap":{"0":{"start":{"line":4,"column":34},"end":{"line":9,"column":1}},"1":{"start":{"line":11,"column":31},"end":{"line":26,"column":1}},"2":{"start":{"line":18,"column":30},"end":{"line":18,"column":65}},"3":{"start":{"line":28,"column":31},"end":{"line":31,"column":1}},"4":{"start":{"line":33,"column":34},"end":{"line":41,"column":1}},"5":{"start":{"line":43,"column":35},"end":{"line":50,"column":1}},"6":{"start":{"line":52,"column":33},"end":{"line":60,"column":1}}},"fnMap":{"0":{"name":"(anonymous_0)","decl":{"start":{"line":18,"column":20},"end":{"line":18,"column":21}},"loc":{"start":{"line":18,"column":30},"end":{"line":18,"column":65}},"line":18}},"branchMap":{"0":{"loc":{"start":{"line":18,"column":30},"end":{"line":18,"column":65}},"type":"cond-expr","locations":[{"start":{"line":18,"column":49},"end":{"line":18,"column":56}},{"start":{"line":18,"column":59},"end":{"line":18,"column":65}}],"line":18}},"s":{"0":2,"1":2,"2":32,"3":2,"4":2,"5":2,"6":2},"f":{"0":32},"b":{"0":[2,30]},"_coverageSchema":"43e27e138ebf9cfc5966b082cf9a028302ed4184","hash":"e50a17af393732e14b7e5d6a66c524f572b9c826"}
,"/Users/eugenia/Documents/HR/fec-zagat/zagat-photos-service/db/schema.js": {"path":"/Users/eugenia/Documents/HR/fec-zagat/zagat-photos-service/db/schema.js","statementMap":{"0":{"start":{"line":1,"column":17},"end":{"line":1,"column":36}},"1":{"start":{"line":3,"column":0},"end":{"line":3,"column":63}},"2":{"start":{"line":4,"column":0},"end":{"line":4,"column":67}},"3":{"start":{"line":5,"column":0},"end":{"line":5,"column":37}},"4":{"start":{"line":7,"column":19},"end":{"line":7,"column":27}},"5":{"start":{"line":8,"column":20},"end":{"line":12,"column":2}},"6":{"start":{"line":14,"column":0},"end":{"line":14,"column":39}},"7":{"start":{"line":16,"column":14},"end":{"line":16,"column":50}},"8":{"start":{"line":18,"column":18},"end":{"line":20,"column":1}},"9":{"start":{"line":19,"column":2},"end":{"line":19,"column":53}},"10":{"start":{"line":22,"column":21},"end":{"line":22,"column":57}},"11":{"start":{"line":22,"column":32},"end":{"line":22,"column":57}},"12":{"start":{"line":24,"column":0},"end":{"line":28,"column":2}}},"fnMap":{"0":{"name":"(anonymous_0)","decl":{"start":{"line":18,"column":18},"end":{"line":18,"column":19}},"loc":{"start":{"line":18,"column":36},"end":{"line":20,"column":1}},"line":18},"1":{"name":"(anonymous_1)","decl":{"start":{"line":22,"column":21},"end":{"line":22,"column":22}},"loc":{"start":{"line":22,"column":32},"end":{"line":22,"column":57}},"line":22}},"branchMap":{},"s":{"0":2,"1":2,"2":2,"3":2,"4":2,"5":2,"6":2,"7":2,"8":2,"9":5,"10":2,"11":2,"12":2},"f":{"0":5,"1":2},"b":{},"_coverageSchema":"43e27e138ebf9cfc5966b082cf9a028302ed4184","hash":"f2b4e3cae161e3e9809943f80470d78652f74d97"}
,"/Users/eugenia/Documents/HR/fec-zagat/zagat-photos-service/server/app.js": {"path":"/Users/eugenia/Documents/HR/fec-zagat/zagat-photos-service/server/app.js","statementMap":{"0":{"start":{"line":1,"column":16},"end":{"line":1,"column":34}},"1":{"start":{"line":2,"column":13},"end":{"line":2,"column":28}},"2":{"start":{"line":3,"column":19},"end":{"line":3,"column":41}},"3":{"start":{"line":4,"column":13},"end":{"line":4,"column":28}},"4":{"start":{"line":5,"column":11},"end":{"line":5,"column":37}},"5":{"start":{"line":7,"column":12},"end":{"line":7,"column":21}},"6":{"start":{"line":9,"column":0},"end":{"line":9,"column":16}},"7":{"start":{"line":10,"column":0},"end":{"line":10,"column":27}},"8":{"start":{"line":11,"column":0},"end":{"line":11,"column":59}},"9":{"start":{"line":13,"column":0},"end":{"line":21,"column":3}},"10":{"start":{"line":14,"column":2},"end":{"line":20,"column":5}},"11":{"start":{"line":15,"column":4},"end":{"line":19,"column":5}},"12":{"start":{"line":16,"column":6},"end":{"line":16,"column":29}},"13":{"start":{"line":18,"column":6},"end":{"line":18,"column":35}},"14":{"start":{"line":23,"column":0},"end":{"line":23,"column":21}}},"fnMap":{"0":{"name":"(anonymous_0)","decl":{"start":{"line":13,"column":39},"end":{"line":13,"column":40}},"loc":{"start":{"line":13,"column":53},"end":{"line":21,"column":1}},"line":13},"1":{"name":"(anonymous_1)","decl":{"start":{"line":14,"column":30},"end":{"line":14,"column":31}},"loc":{"start":{"line":14,"column":47},"end":{"line":20,"column":3}},"line":14}},"branchMap":{"0":{"loc":{"start":{"line":15,"column":4},"end":{"line":19,"column":5}},"type":"if","locations":[{"start":{"line":15,"column":4},"end":{"line":19,"column":5}},{"start":{"line":15,"column":4},"end":{"line":19,"column":5}}],"line":15},"1":{"loc":{"start":{"line":15,"column":8},"end":{"line":15,"column":22}},"type":"binary-expr","locations":[{"start":{"line":15,"column":8},"end":{"line":15,"column":11}},{"start":{"line":15,"column":15},"end":{"line":15,"column":22}}],"line":15}},"s":{"0":1,"1":1,"2":1,"3":1,"4":1,"5":1,"6":1,"7":1,"8":1,"9":1,"10":5,"11":5,"12":1,"13":4,"14":1},"f":{"0":5,"1":5},"b":{"0":[1,4],"1":[5,5]},"_coverageSchema":"43e27e138ebf9cfc5966b082cf9a028302ed4184","hash":"ec8df86e0802917b03a1650649050e9083effc99"}
}
