{"/Users/eugenia/Documents/HR/fec-zagat/zagat-photos-service/client/components/Gallery.jsx": {"path":"/Users/eugenia/Documents/HR/fec-zagat/zagat-photos-service/client/components/Gallery.jsx","statementMap":{"0":{"start":{"line":8,"column":4},"end":{"line":8,"column":17}},"1":{"start":{"line":10,"column":4},"end":{"line":19,"column":6}},"2":{"start":{"line":21,"column":4},"end":{"line":21,"column":47}},"3":{"start":{"line":22,"column":4},"end":{"line":22,"column":47}},"4":{"start":{"line":23,"column":4},"end":{"line":23,"column":49}},"5":{"start":{"line":27,"column":4},"end":{"line":27,"column":21}},"6":{"start":{"line":31,"column":19},"end":{"line":31,"column":29}},"7":{"start":{"line":32,"column":4},"end":{"line":45,"column":9}},"8":{"start":{"line":39,"column":21},"end":{"line":39,"column":32}},"9":{"start":{"line":41,"column":8},"end":{"line":44,"column":11}},"10":{"start":{"line":49,"column":4},"end":{"line":64,"column":5}},"11":{"start":{"line":50,"column":6},"end":{"line":56,"column":9}},"12":{"start":{"line":58,"column":6},"end":{"line":63,"column":9}},"13":{"start":{"line":68,"column":4},"end":{"line":74,"column":13}},"14":{"start":{"line":70,"column":13},"end":{"line":74,"column":11}},"15":{"start":{"line":71,"column":6},"end":{"line":73,"column":9}},"16":{"start":{"line":80,"column":8},"end":{"line":80,"column":18}},"17":{"start":{"line":81,"column":4},"end":{"line":97,"column":6}}},"fnMap":{"0":{"name":"(anonymous_0)","decl":{"start":{"line":7,"column":2},"end":{"line":7,"column":3}},"loc":{"start":{"line":7,"column":21},"end":{"line":24,"column":3}},"line":7},"1":{"name":"(anonymous_1)","decl":{"start":{"line":26,"column":2},"end":{"line":26,"column":3}},"loc":{"start":{"line":26,"column":22},"end":{"line":28,"column":3}},"line":26},"2":{"name":"(anonymous_2)","decl":{"start":{"line":30,"column":2},"end":{"line":30,"column":3}},"loc":{"start":{"line":30,"column":14},"end":{"line":46,"column":3}},"line":30},"3":{"name":"(anonymous_3)","decl":{"start":{"line":39,"column":12},"end":{"line":39,"column":13}},"loc":{"start":{"line":39,"column":21},"end":{"line":39,"column":32}},"line":39},"4":{"name":"(anonymous_4)","decl":{"start":{"line":40,"column":12},"end":{"line":40,"column":13}},"loc":{"start":{"line":40,"column":22},"end":{"line":45,"column":7}},"line":40},"5":{"name":"(anonymous_5)","decl":{"start":{"line":48,"column":2},"end":{"line":48,"column":3}},"loc":{"start":{"line":48,"column":26},"end":{"line":65,"column":3}},"line":48},"6":{"name":"(anonymous_6)","decl":{"start":{"line":67,"column":2},"end":{"line":67,"column":3}},"loc":{"start":{"line":67,"column":15},"end":{"line":75,"column":3}},"line":67},"7":{"name":"(anonymous_7)","decl":{"start":{"line":70,"column":7},"end":{"line":70,"column":8}},"loc":{"start":{"line":70,"column":13},"end":{"line":74,"column":11}},"line":70},"8":{"name":"(anonymous_8)","decl":{"start":{"line":70,"column":24},"end":{"line":70,"column":25}},"loc":{"start":{"line":70,"column":30},"end":{"line":74,"column":5}},"line":70},"9":{"name":"(anonymous_9)","decl":{"start":{"line":77,"column":2},"end":{"line":77,"column":3}},"loc":{"start":{"line":77,"column":11},"end":{"line":98,"column":3}},"line":77}},"branchMap":{"0":{"loc":{"start":{"line":49,"column":4},"end":{"line":64,"column":5}},"type":"if","locations":[{"start":{"line":49,"column":4},"end":{"line":64,"column":5}},{"start":{"line":49,"column":4},"end":{"line":64,"column":5}}],"line":49},"1":{"loc":{"start":{"line":84,"column":9},"end":{"line":94,"column":9}},"type":"binary-expr","locations":[{"start":{"line":84,"column":9},"end":{"line":84,"column":18}},{"start":{"line":85,"column":10},"end":{"line":93,"column":12}}],"line":84}},"s":{"0":5,"1":5,"2":5,"3":5,"4":5,"5":5,"6":5,"7":5,"8":5,"9":5,"10":0,"11":0,"12":0,"13":0,"14":0,"15":0,"16":12,"17":12},"f":{"0":5,"1":5,"2":5,"3":5,"4":5,"5":0,"6":0,"7":0,"8":0,"9":12},"b":{"0":[0,0],"1":[12,2]},"_coverageSchema":"43e27e138ebf9cfc5966b082cf9a028302ed4184","hash":"554d1d3b090d9c9996f231f141f039cfe4f45547"}
,"/Users/eugenia/Documents/HR/fec-zagat/zagat-photos-service/client/components/GridModal.jsx": {"path":"/Users/eugenia/Documents/HR/fec-zagat/zagat-photos-service/client/components/GridModal.jsx","statementMap":{"0":{"start":{"line":4,"column":18},"end":{"line":33,"column":1}},"1":{"start":{"line":7,"column":6},"end":{"line":7,"column":11}},"2":{"start":{"line":9,"column":2},"end":{"line":32,"column":4}},"3":{"start":{"line":25,"column":12},"end":{"line":27,"column":18}},"4":{"start":{"line":25,"column":54},"end":{"line":25,"column":84}},"5":{"start":{"line":35,"column":0},"end":{"line":41,"column":2}},"6":{"start":{"line":43,"column":0},"end":{"line":49,"column":2}}},"fnMap":{"0":{"name":"(anonymous_0)","decl":{"start":{"line":4,"column":18},"end":{"line":4,"column":19}},"loc":{"start":{"line":4,"column":29},"end":{"line":33,"column":1}},"line":4},"1":{"name":"(anonymous_1)","decl":{"start":{"line":24,"column":22},"end":{"line":24,"column":23}},"loc":{"start":{"line":25,"column":12},"end":{"line":27,"column":18}},"line":25},"2":{"name":"(anonymous_2)","decl":{"start":{"line":25,"column":48},"end":{"line":25,"column":49}},"loc":{"start":{"line":25,"column":54},"end":{"line":25,"column":84}},"line":25},"3":{"name":"(anonymous_3)","decl":{"start":{"line":47,"column":14},"end":{"line":47,"column":15}},"loc":{"start":{"line":47,"column":20},"end":{"line":47,"column":23}},"line":47},"4":{"name":"(anonymous_4)","decl":{"start":{"line":48,"column":14},"end":{"line":48,"column":15}},"loc":{"start":{"line":48,"column":20},"end":{"line":48,"column":23}},"line":48}},"branchMap":{},"s":{"0":2,"1":1,"2":1,"3":0,"4":0,"5":2,"6":2},"f":{"0":1,"1":0,"2":0,"3":0,"4":0},"b":{},"_coverageSchema":"43e27e138ebf9cfc5966b082cf9a028302ed4184","hash":"62357b36927e48dc662fb70bb12c300196e67240"}
,"/Users/eugenia/Documents/HR/fec-zagat/zagat-photos-service/client/components/Modal.jsx": {"path":"/Users/eugenia/Documents/HR/fec-zagat/zagat-photos-service/client/components/Modal.jsx","statementMap":{"0":{"start":{"line":8,"column":4},"end":{"line":8,"column":17}},"1":{"start":{"line":10,"column":4},"end":{"line":13,"column":6}},"2":{"start":{"line":15,"column":23},"end":{"line":15,"column":33}},"3":{"start":{"line":16,"column":4},"end":{"line":16,"column":31}},"4":{"start":{"line":18,"column":4},"end":{"line":18,"column":49}},"5":{"start":{"line":19,"column":4},"end":{"line":19,"column":47}},"6":{"start":{"line":20,"column":4},"end":{"line":20,"column":47}},"7":{"start":{"line":24,"column":32},"end":{"line":24,"column":42}},"8":{"start":{"line":25,"column":4},"end":{"line":28,"column":7}},"9":{"start":{"line":32,"column":4},"end":{"line":41,"column":5}},"10":{"start":{"line":33,"column":6},"end":{"line":36,"column":9}},"11":{"start":{"line":38,"column":6},"end":{"line":40,"column":9}},"12":{"start":{"line":45,"column":26},"end":{"line":45,"column":36}},"13":{"start":{"line":46,"column":4},"end":{"line":55,"column":5}},"14":{"start":{"line":47,"column":6},"end":{"line":49,"column":9}},"15":{"start":{"line":51,"column":24},"end":{"line":51,"column":37}},"16":{"start":{"line":52,"column":6},"end":{"line":54,"column":9}},"17":{"start":{"line":59,"column":26},"end":{"line":59,"column":36}},"18":{"start":{"line":60,"column":22},"end":{"line":60,"column":52}},"19":{"start":{"line":61,"column":4},"end":{"line":63,"column":7}},"20":{"start":{"line":69,"column":8},"end":{"line":69,"column":18}},"21":{"start":{"line":70,"column":32},"end":{"line":70,"column":42}},"22":{"start":{"line":71,"column":4},"end":{"line":95,"column":6}},"23":{"start":{"line":99,"column":0},"end":{"line":107,"column":2}},"24":{"start":{"line":109,"column":0},"end":{"line":117,"column":2}}},"fnMap":{"0":{"name":"(anonymous_0)","decl":{"start":{"line":7,"column":2},"end":{"line":7,"column":3}},"loc":{"start":{"line":7,"column":21},"end":{"line":21,"column":3}},"line":7},"1":{"name":"(anonymous_1)","decl":{"start":{"line":23,"column":2},"end":{"line":23,"column":3}},"loc":{"start":{"line":23,"column":22},"end":{"line":29,"column":3}},"line":23},"2":{"name":"(anonymous_2)","decl":{"start":{"line":31,"column":2},"end":{"line":31,"column":3}},"loc":{"start":{"line":31,"column":27},"end":{"line":42,"column":3}},"line":31},"3":{"name":"(anonymous_3)","decl":{"start":{"line":44,"column":2},"end":{"line":44,"column":3}},"loc":{"start":{"line":44,"column":14},"end":{"line":56,"column":3}},"line":44},"4":{"name":"(anonymous_4)","decl":{"start":{"line":58,"column":2},"end":{"line":58,"column":3}},"loc":{"start":{"line":58,"column":14},"end":{"line":64,"column":3}},"line":58},"5":{"name":"(anonymous_5)","decl":{"start":{"line":66,"column":2},"end":{"line":66,"column":3}},"loc":{"start":{"line":66,"column":11},"end":{"line":96,"column":3}},"line":66},"6":{"name":"(anonymous_6)","decl":{"start":{"line":116,"column":14},"end":{"line":116,"column":15}},"loc":{"start":{"line":116,"column":20},"end":{"line":116,"column":23}},"line":116}},"branchMap":{"0":{"loc":{"start":{"line":32,"column":4},"end":{"line":41,"column":5}},"type":"if","locations":[{"start":{"line":32,"column":4},"end":{"line":41,"column":5}},{"start":{"line":32,"column":4},"end":{"line":41,"column":5}}],"line":32},"1":{"loc":{"start":{"line":46,"column":4},"end":{"line":55,"column":5}},"type":"if","locations":[{"start":{"line":46,"column":4},"end":{"line":55,"column":5}},{"start":{"line":46,"column":4},"end":{"line":55,"column":5}}],"line":46},"2":{"loc":{"start":{"line":73,"column":9},"end":{"line":84,"column":9}},"type":"binary-expr","locations":[{"start":{"line":73,"column":9},"end":{"line":73,"column":29}},{"start":{"line":74,"column":10},"end":{"line":83,"column":12}}],"line":73},"3":{"loc":{"start":{"line":85,"column":9},"end":{"line":93,"column":9}},"type":"binary-expr","locations":[{"start":{"line":85,"column":9},"end":{"line":85,"column":24}},{"start":{"line":86,"column":10},"end":{"line":92,"column":12}}],"line":85}},"s":{"0":1,"1":1,"2":1,"3":1,"4":1,"5":1,"6":1,"7":1,"8":1,"9":0,"10":0,"11":0,"12":0,"13":0,"14":0,"15":0,"16":0,"17":0,"18":0,"19":0,"20":2,"21":2,"22":2,"23":2,"24":2},"f":{"0":1,"1":1,"2":0,"3":0,"4":0,"5":2,"6":0},"b":{"0":[0,0],"1":[0,0],"2":[2,1],"3":[2,0]},"_coverageSchema":"43e27e138ebf9cfc5966b082cf9a028302ed4184","hash":"804f977b4b87b65b8ef50f89a0b57cc923ee5d68"}
,"/Users/eugenia/Documents/HR/fec-zagat/zagat-photos-service/client/components/Photos.jsx": {"path":"/Users/eugenia/Documents/HR/fec-zagat/zagat-photos-service/client/components/Photos.jsx","statementMap":{"0":{"start":{"line":5,"column":15},"end":{"line":17,"column":1}},"1":{"start":{"line":6,"column":21},"end":{"line":6,"column":39}},"2":{"start":{"line":8,"column":2},"end":{"line":16,"column":4}},"3":{"start":{"line":11,"column":8},"end":{"line":13,"column":14}},"4":{"start":{"line":11,"column":59},"end":{"line":11,"column":88}},"5":{"start":{"line":19,"column":0},"end":{"line":22,"column":2}},"6":{"start":{"line":24,"column":0},"end":{"line":27,"column":2}}},"fnMap":{"0":{"name":"(anonymous_0)","decl":{"start":{"line":5,"column":15},"end":{"line":5,"column":16}},"loc":{"start":{"line":5,"column":42},"end":{"line":17,"column":1}},"line":5},"1":{"name":"(anonymous_1)","decl":{"start":{"line":10,"column":22},"end":{"line":10,"column":23}},"loc":{"start":{"line":11,"column":8},"end":{"line":13,"column":14}},"line":11},"2":{"name":"(anonymous_2)","decl":{"start":{"line":11,"column":53},"end":{"line":11,"column":54}},"loc":{"start":{"line":11,"column":59},"end":{"line":11,"column":88}},"line":11},"3":{"name":"(anonymous_3)","decl":{"start":{"line":26,"column":13},"end":{"line":26,"column":14}},"loc":{"start":{"line":26,"column":19},"end":{"line":26,"column":22}},"line":26}},"branchMap":{},"s":{"0":2,"1":4,"2":4,"3":14,"4":1,"5":2,"6":2},"f":{"0":4,"1":14,"2":1,"3":0},"b":{},"_coverageSchema":"43e27e138ebf9cfc5966b082cf9a028302ed4184","hash":"835a03dc308b4c7cde4fa47f25524a3725ee924e"}
,"/Users/eugenia/Documents/HR/fec-zagat/zagat-photos-service/client/components/ShowGridModalBox.jsx": {"path":"/Users/eugenia/Documents/HR/fec-zagat/zagat-photos-service/client/components/ShowGridModalBox.jsx","statementMap":{"0":{"start":{"line":4,"column":25},"end":{"line":12,"column":1}},"1":{"start":{"line":5,"column":2},"end":{"line":11,"column":8}},"2":{"start":{"line":5,"column":54},"end":{"line":5,"column":71}},"3":{"start":{"line":14,"column":0},"end":{"line":17,"column":2}},"4":{"start":{"line":19,"column":0},"end":{"line":22,"column":2}}},"fnMap":{"0":{"name":"(anonymous_0)","decl":{"start":{"line":4,"column":25},"end":{"line":4,"column":26}},"loc":{"start":{"line":5,"column":2},"end":{"line":11,"column":8}},"line":5},"1":{"name":"(anonymous_1)","decl":{"start":{"line":5,"column":48},"end":{"line":5,"column":49}},"loc":{"start":{"line":5,"column":54},"end":{"line":5,"column":71}},"line":5},"2":{"name":"(anonymous_2)","decl":{"start":{"line":21,"column":13},"end":{"line":21,"column":14}},"loc":{"start":{"line":21,"column":19},"end":{"line":21,"column":22}},"line":21}},"branchMap":{},"s":{"0":2,"1":3,"2":0,"3":2,"4":2},"f":{"0":3,"1":0,"2":0},"b":{},"_coverageSchema":"43e27e138ebf9cfc5966b082cf9a028302ed4184","hash":"b80f230c2d73dd46f4d396b4d249ec74e06a5f65"}
,"/Users/eugenia/Documents/HR/fec-zagat/zagat-photos-service/client/components/SlideshowModal.jsx": {"path":"/Users/eugenia/Documents/HR/fec-zagat/zagat-photos-service/client/components/SlideshowModal.jsx","statementMap":{"0":{"start":{"line":4,"column":23},"end":{"line":60,"column":1}},"1":{"start":{"line":7,"column":6},"end":{"line":7,"column":11}},"2":{"start":{"line":9,"column":2},"end":{"line":59,"column":4}},"3":{"start":{"line":19,"column":56},"end":{"line":19,"column":74}},"4":{"start":{"line":62,"column":0},"end":{"line":71,"column":2}},"5":{"start":{"line":73,"column":0},"end":{"line":82,"column":2}}},"fnMap":{"0":{"name":"(anonymous_0)","decl":{"start":{"line":4,"column":23},"end":{"line":4,"column":24}},"loc":{"start":{"line":4,"column":34},"end":{"line":60,"column":1}},"line":4},"1":{"name":"(anonymous_1)","decl":{"start":{"line":19,"column":50},"end":{"line":19,"column":51}},"loc":{"start":{"line":19,"column":56},"end":{"line":19,"column":74}},"line":19},"2":{"name":"(anonymous_2)","decl":{"start":{"line":77,"column":14},"end":{"line":77,"column":15}},"loc":{"start":{"line":77,"column":20},"end":{"line":77,"column":23}},"line":77},"3":{"name":"(anonymous_3)","decl":{"start":{"line":79,"column":14},"end":{"line":79,"column":15}},"loc":{"start":{"line":79,"column":20},"end":{"line":79,"column":23}},"line":79},"4":{"name":"(anonymous_4)","decl":{"start":{"line":80,"column":13},"end":{"line":80,"column":14}},"loc":{"start":{"line":80,"column":19},"end":{"line":80,"column":22}},"line":80},"5":{"name":"(anonymous_5)","decl":{"start":{"line":81,"column":13},"end":{"line":81,"column":14}},"loc":{"start":{"line":81,"column":19},"end":{"line":81,"column":22}},"line":81}},"branchMap":{},"s":{"0":2,"1":1,"2":1,"3":0,"4":2,"5":2},"f":{"0":1,"1":0,"2":0,"3":0,"4":0,"5":0},"b":{},"_coverageSchema":"43e27e138ebf9cfc5966b082cf9a028302ed4184","hash":"fb46d18a03ba815260c10400a598a51aaa1f0328"}
,"/Users/eugenia/Documents/HR/fec-zagat/zagat-photos-service/db/schema.js": {"path":"/Users/eugenia/Documents/HR/fec-zagat/zagat-photos-service/db/schema.js","statementMap":{"0":{"start":{"line":1,"column":17},"end":{"line":1,"column":36}},"1":{"start":{"line":3,"column":0},"end":{"line":3,"column":84}},"2":{"start":{"line":4,"column":0},"end":{"line":4,"column":37}},"3":{"start":{"line":6,"column":19},"end":{"line":6,"column":27}},"4":{"start":{"line":7,"column":20},"end":{"line":11,"column":2}},"5":{"start":{"line":13,"column":0},"end":{"line":13,"column":39}},"6":{"start":{"line":15,"column":14},"end":{"line":15,"column":50}},"7":{"start":{"line":17,"column":18},"end":{"line":19,"column":1}},"8":{"start":{"line":18,"column":2},"end":{"line":18,"column":53}},"9":{"start":{"line":21,"column":21},"end":{"line":30,"column":1}},"10":{"start":{"line":22,"column":2},"end":{"line":29,"column":5}},"11":{"start":{"line":23,"column":4},"end":{"line":28,"column":5}},"12":{"start":{"line":24,"column":6},"end":{"line":24,"column":61}},"13":{"start":{"line":26,"column":6},"end":{"line":26,"column":66}},"14":{"start":{"line":27,"column":6},"end":{"line":27,"column":34}},"15":{"start":{"line":32,"column":0},"end":{"line":35,"column":2}}},"fnMap":{"0":{"name":"(anonymous_0)","decl":{"start":{"line":17,"column":18},"end":{"line":17,"column":19}},"loc":{"start":{"line":17,"column":36},"end":{"line":19,"column":1}},"line":17},"1":{"name":"(anonymous_1)","decl":{"start":{"line":21,"column":21},"end":{"line":21,"column":22}},"loc":{"start":{"line":21,"column":34},"end":{"line":30,"column":1}},"line":21},"2":{"name":"(anonymous_2)","decl":{"start":{"line":22,"column":28},"end":{"line":22,"column":29}},"loc":{"start":{"line":22,"column":37},"end":{"line":29,"column":3}},"line":22}},"branchMap":{"0":{"loc":{"start":{"line":23,"column":4},"end":{"line":28,"column":5}},"type":"if","locations":[{"start":{"line":23,"column":4},"end":{"line":28,"column":5}},{"start":{"line":23,"column":4},"end":{"line":28,"column":5}}],"line":23}},"s":{"0":1,"1":1,"2":1,"3":1,"4":1,"5":1,"6":1,"7":1,"8":4,"9":1,"10":0,"11":0,"12":0,"13":0,"14":0,"15":1},"f":{"0":4,"1":0,"2":0},"b":{"0":[0,0]},"_coverageSchema":"43e27e138ebf9cfc5966b082cf9a028302ed4184","hash":"f9389f636cb2d82fdebea63e729d6db0913a9a29"}
,"/Users/eugenia/Documents/HR/fec-zagat/zagat-photos-service/server/app.js": {"path":"/Users/eugenia/Documents/HR/fec-zagat/zagat-photos-service/server/app.js","statementMap":{"0":{"start":{"line":1,"column":16},"end":{"line":1,"column":34}},"1":{"start":{"line":2,"column":13},"end":{"line":2,"column":28}},"2":{"start":{"line":3,"column":19},"end":{"line":3,"column":41}},"3":{"start":{"line":4,"column":13},"end":{"line":4,"column":28}},"4":{"start":{"line":5,"column":11},"end":{"line":5,"column":37}},"5":{"start":{"line":7,"column":12},"end":{"line":7,"column":21}},"6":{"start":{"line":9,"column":0},"end":{"line":9,"column":16}},"7":{"start":{"line":10,"column":0},"end":{"line":10,"column":27}},"8":{"start":{"line":11,"column":0},"end":{"line":11,"column":59}},"9":{"start":{"line":13,"column":0},"end":{"line":21,"column":3}},"10":{"start":{"line":14,"column":2},"end":{"line":20,"column":5}},"11":{"start":{"line":15,"column":4},"end":{"line":19,"column":5}},"12":{"start":{"line":16,"column":6},"end":{"line":16,"column":29}},"13":{"start":{"line":18,"column":6},"end":{"line":18,"column":35}},"14":{"start":{"line":23,"column":0},"end":{"line":23,"column":21}}},"fnMap":{"0":{"name":"(anonymous_0)","decl":{"start":{"line":13,"column":39},"end":{"line":13,"column":40}},"loc":{"start":{"line":13,"column":53},"end":{"line":21,"column":1}},"line":13},"1":{"name":"(anonymous_1)","decl":{"start":{"line":14,"column":30},"end":{"line":14,"column":31}},"loc":{"start":{"line":14,"column":47},"end":{"line":20,"column":3}},"line":14}},"branchMap":{"0":{"loc":{"start":{"line":15,"column":4},"end":{"line":19,"column":5}},"type":"if","locations":[{"start":{"line":15,"column":4},"end":{"line":19,"column":5}},{"start":{"line":15,"column":4},"end":{"line":19,"column":5}}],"line":15},"1":{"loc":{"start":{"line":15,"column":8},"end":{"line":15,"column":22}},"type":"binary-expr","locations":[{"start":{"line":15,"column":8},"end":{"line":15,"column":11}},{"start":{"line":15,"column":15},"end":{"line":15,"column":22}}],"line":15}},"s":{"0":1,"1":1,"2":1,"3":1,"4":1,"5":1,"6":1,"7":1,"8":1,"9":1,"10":4,"11":4,"12":1,"13":3,"14":1},"f":{"0":4,"1":4},"b":{"0":[1,3],"1":[4,4]},"_coverageSchema":"43e27e138ebf9cfc5966b082cf9a028302ed4184","hash":"ec8df86e0802917b03a1650649050e9083effc99"}
}
