TN:
SF:/Users/eugenia/Documents/HR/fec-zagat/zagat-photos-service/client/components/Gallery.jsx
FN:7,(anonymous_0)
FN:29,(anonymous_1)
FN:33,(anonymous_2)
FN:42,(anonymous_3)
FN:43,(anonymous_4)
FN:51,(anonymous_5)
FN:70,(anonymous_6)
FN:74,(anonymous_7)
FN:74,(anonymous_8)
FN:81,(anonymous_9)
FN:94,(anonymous_10)
FN:109,(anonymous_11)
FN:118,(anonymous_12)
FNF:13
FNH:12
FNDA:24,(anonymous_0)
FNDA:24,(anonymous_1)
FNDA:24,(anonymous_2)
FNDA:24,(anonymous_3)
FNDA:24,(anonymous_4)
FNDA:21,(anonymous_5)
FNDA:4,(anonymous_6)
FNDA:4,(anonymous_7)
FNDA:0,(anonymous_8)
FNDA:3,(anonymous_9)
FNDA:2,(anonymous_10)
FNDA:2,(anonymous_11)
FNDA:101,(anonymous_12)
DA:8,24
DA:10,24
DA:21,24
DA:22,24
DA:23,24
DA:24,24
DA:25,24
DA:26,24
DA:30,24
DA:34,24
DA:35,24
DA:42,24
DA:44,24
DA:52,21
DA:53,14
DA:61,7
DA:71,4
DA:74,4
DA:75,0
DA:82,3
DA:83,2
DA:88,1
DA:95,2
DA:96,2
DA:97,2
DA:98,2
DA:102,0
DA:103,0
DA:110,2
DA:111,2
DA:112,2
DA:113,2
DA:121,101
DA:122,101
LF:34
LH:31
BRDA:52,0,0,14
BRDA:52,0,1,7
BRDA:82,1,0,2
BRDA:82,1,1,1
BRDA:97,2,0,2
BRDA:97,2,1,0
BRDA:125,3,0,101
BRDA:125,3,1,49
BRF:8
BRH:7
end_of_record
TN:
SF:/Users/eugenia/Documents/HR/fec-zagat/zagat-photos-service/client/components/GridModal.jsx
FN:4,(anonymous_0)
FN:24,(anonymous_1)
FN:25,(anonymous_2)
FN:47,(anonymous_3)
FN:48,(anonymous_4)
FNF:5
FNH:3
FNDA:16,(anonymous_0)
FNDA:105,(anonymous_1)
FNDA:2,(anonymous_2)
FNDA:0,(anonymous_3)
FNDA:0,(anonymous_4)
DA:4,2
DA:7,16
DA:9,16
DA:25,105
DA:35,2
DA:43,2
LF:6
LH:6
BRF:0
BRH:0
end_of_record
TN:
SF:/Users/eugenia/Documents/HR/fec-zagat/zagat-photos-service/client/components/Modal.jsx
FN:6,(anonymous_0)
FN:60,(anonymous_1)
FN:61,(anonymous_2)
FN:62,(anonymous_3)
FN:63,(anonymous_4)
FNF:5
FNH:1
FNDA:48,(anonymous_0)
FNDA:0,(anonymous_1)
FNDA:0,(anonymous_2)
FNDA:0,(anonymous_3)
FNDA:0,(anonymous_4)
DA:6,2
DA:10,48
DA:12,48
DA:40,2
DA:53,2
LF:5
LH:5
BRDA:14,0,0,48
BRDA:14,0,1,33
BRDA:26,1,0,48
BRDA:26,1,1,15
BRF:4
BRH:4
end_of_record
TN:
SF:/Users/eugenia/Documents/HR/fec-zagat/zagat-photos-service/client/components/Photos.jsx
FN:5,(anonymous_0)
FN:10,(anonymous_1)
FN:11,(anonymous_2)
FN:26,(anonymous_3)
FNF:4
FNH:3
FNDA:93,(anonymous_0)
FNDA:504,(anonymous_1)
FNDA:15,(anonymous_2)
FNDA:0,(anonymous_3)
DA:5,2
DA:6,93
DA:8,93
DA:11,504
DA:19,2
DA:24,2
LF:6
LH:6
BRF:0
BRH:0
end_of_record
TN:
SF:/Users/eugenia/Documents/HR/fec-zagat/zagat-photos-service/client/components/ShowGridModalBox.jsx
FN:4,(anonymous_0)
FN:5,(anonymous_1)
FN:21,(anonymous_2)
FNF:3
FNH:2
FNDA:92,(anonymous_0)
FNDA:7,(anonymous_1)
FNDA:0,(anonymous_2)
DA:4,2
DA:5,92
DA:14,2
DA:19,2
LF:4
LH:4
BRF:0
BRH:0
end_of_record
TN:
SF:/Users/eugenia/Documents/HR/fec-zagat/zagat-photos-service/client/components/SlideshowModal.jsx
FN:4,(anonymous_0)
FN:19,(anonymous_1)
FN:77,(anonymous_2)
FN:79,(anonymous_3)
FN:80,(anonymous_4)
FN:81,(anonymous_5)
FNF:6
FNH:2
FNDA:33,(anonymous_0)
FNDA:1,(anonymous_1)
FNDA:0,(anonymous_2)
FNDA:0,(anonymous_3)
FNDA:0,(anonymous_4)
FNDA:0,(anonymous_5)
DA:4,2
DA:7,33
DA:9,33
DA:19,1
DA:62,2
DA:73,2
LF:6
LH:6
BRF:0
BRH:0
end_of_record
TN:
SF:/Users/eugenia/Documents/HR/fec-zagat/zagat-photos-service/db/schema.js
FN:17,(anonymous_0)
FN:21,(anonymous_1)
FN:22,(anonymous_2)
FNF:3
FNH:1
FNDA:5,(anonymous_0)
FNDA:0,(anonymous_1)
FNDA:0,(anonymous_2)
DA:1,1
DA:3,1
DA:4,1
DA:6,1
DA:7,1
DA:13,1
DA:15,1
DA:17,1
DA:18,5
DA:21,1
DA:22,0
DA:23,0
DA:24,0
DA:26,0
DA:27,0
DA:32,1
LF:16
LH:11
BRDA:23,0,0,0
BRDA:23,0,1,0
BRF:2
BRH:0
end_of_record
TN:
SF:/Users/eugenia/Documents/HR/fec-zagat/zagat-photos-service/server/app.js
FN:13,(anonymous_0)
FN:14,(anonymous_1)
FNF:2
FNH:2
FNDA:5,(anonymous_0)
FNDA:5,(anonymous_1)
DA:1,1
DA:2,1
DA:3,1
DA:4,1
DA:5,1
DA:7,1
DA:9,1
DA:10,1
DA:11,1
DA:13,1
DA:14,5
DA:15,5
DA:16,1
DA:18,4
DA:23,1
LF:15
LH:15
BRDA:15,0,0,1
BRDA:15,0,1,4
BRDA:15,1,0,5
BRDA:15,1,1,5
BRF:4
BRH:4
end_of_record
