TN:
SF:/Users/eugenia/Documents/HR/fec-zagat/zagat-photos-service/client/components/Gallery.jsx
FN:7,(anonymous_0)
FN:26,(anonymous_1)
FN:30,(anonymous_2)
FN:39,(anonymous_3)
FN:40,(anonymous_4)
FN:48,(anonymous_5)
FN:67,(anonymous_6)
FN:70,(anonymous_7)
FN:70,(anonymous_8)
FN:77,(anonymous_9)
FNF:10
FNH:6
FNDA:5,(anonymous_0)
FNDA:5,(anonymous_1)
FNDA:5,(anonymous_2)
FNDA:5,(anonymous_3)
FNDA:5,(anonymous_4)
FNDA:0,(anonymous_5)
FNDA:0,(anonymous_6)
FNDA:0,(anonymous_7)
FNDA:0,(anonymous_8)
FNDA:12,(anonymous_9)
DA:8,5
DA:10,5
DA:21,5
DA:22,5
DA:23,5
DA:27,5
DA:31,5
DA:32,5
DA:39,5
DA:41,5
DA:49,0
DA:50,0
DA:58,0
DA:68,0
DA:70,0
DA:71,0
DA:80,12
DA:81,12
LF:18
LH:12
BRDA:49,0,0,0
BRDA:49,0,1,0
BRDA:84,1,0,12
BRDA:84,1,1,2
BRF:4
BRH:2
end_of_record
TN:
SF:/Users/eugenia/Documents/HR/fec-zagat/zagat-photos-service/client/components/GridModal.jsx
FN:4,(anonymous_0)
FN:24,(anonymous_1)
FN:25,(anonymous_2)
FN:47,(anonymous_3)
FN:48,(anonymous_4)
FNF:5
FNH:1
FNDA:1,(anonymous_0)
FNDA:0,(anonymous_1)
FNDA:0,(anonymous_2)
FNDA:0,(anonymous_3)
FNDA:0,(anonymous_4)
DA:4,2
DA:7,1
DA:9,1
DA:25,0
DA:35,2
DA:43,2
LF:6
LH:5
BRF:0
BRH:0
end_of_record
TN:
SF:/Users/eugenia/Documents/HR/fec-zagat/zagat-photos-service/client/components/Modal.jsx
FN:7,(anonymous_0)
FN:23,(anonymous_1)
FN:31,(anonymous_2)
FN:44,(anonymous_3)
FN:58,(anonymous_4)
FN:66,(anonymous_5)
FN:116,(anonymous_6)
FNF:7
FNH:3
FNDA:1,(anonymous_0)
FNDA:1,(anonymous_1)
FNDA:0,(anonymous_2)
FNDA:0,(anonymous_3)
FNDA:0,(anonymous_4)
FNDA:2,(anonymous_5)
FNDA:0,(anonymous_6)
DA:8,1
DA:10,1
DA:15,1
DA:16,1
DA:18,1
DA:19,1
DA:20,1
DA:24,1
DA:25,1
DA:32,0
DA:33,0
DA:38,0
DA:45,0
DA:46,0
DA:47,0
DA:51,0
DA:52,0
DA:59,0
DA:60,0
DA:61,0
DA:69,2
DA:70,2
DA:71,2
DA:99,2
DA:109,2
LF:25
LH:14
BRDA:32,0,0,0
BRDA:32,0,1,0
BRDA:46,1,0,0
BRDA:46,1,1,0
BRDA:73,2,0,2
BRDA:73,2,1,1
BRDA:85,3,0,2
BRDA:85,3,1,0
BRF:8
BRH:3
end_of_record
TN:
SF:/Users/eugenia/Documents/HR/fec-zagat/zagat-photos-service/client/components/Photos.jsx
FN:5,(anonymous_0)
FN:10,(anonymous_1)
FN:11,(anonymous_2)
FN:26,(anonymous_3)
FNF:4
FNH:3
FNDA:4,(anonymous_0)
FNDA:14,(anonymous_1)
FNDA:1,(anonymous_2)
FNDA:0,(anonymous_3)
DA:5,2
DA:6,4
DA:8,4
DA:11,14
DA:19,2
DA:24,2
LF:6
LH:6
BRF:0
BRH:0
end_of_record
TN:
SF:/Users/eugenia/Documents/HR/fec-zagat/zagat-photos-service/client/components/ShowGridModalBox.jsx
FN:4,(anonymous_0)
FN:5,(anonymous_1)
FN:21,(anonymous_2)
FNF:3
FNH:1
FNDA:3,(anonymous_0)
FNDA:0,(anonymous_1)
FNDA:0,(anonymous_2)
DA:4,2
DA:5,3
DA:14,2
DA:19,2
LF:4
LH:4
BRF:0
BRH:0
end_of_record
TN:
SF:/Users/eugenia/Documents/HR/fec-zagat/zagat-photos-service/client/components/SlideshowModal.jsx
FN:4,(anonymous_0)
FN:19,(anonymous_1)
FN:77,(anonymous_2)
FN:79,(anonymous_3)
FN:80,(anonymous_4)
FN:81,(anonymous_5)
FNF:6
FNH:1
FNDA:1,(anonymous_0)
FNDA:0,(anonymous_1)
FNDA:0,(anonymous_2)
FNDA:0,(anonymous_3)
FNDA:0,(anonymous_4)
FNDA:0,(anonymous_5)
DA:4,2
DA:7,1
DA:9,1
DA:19,0
DA:62,2
DA:73,2
LF:6
LH:5
BRF:0
BRH:0
end_of_record
TN:
SF:/Users/eugenia/Documents/HR/fec-zagat/zagat-photos-service/db/schema.js
FN:17,(anonymous_0)
FN:21,(anonymous_1)
FN:22,(anonymous_2)
FNF:3
FNH:1
FNDA:4,(anonymous_0)
FNDA:0,(anonymous_1)
FNDA:0,(anonymous_2)
DA:1,1
DA:3,1
DA:4,1
DA:6,1
DA:7,1
DA:13,1
DA:15,1
DA:17,1
DA:18,4
DA:21,1
DA:22,0
DA:23,0
DA:24,0
DA:26,0
DA:27,0
DA:32,1
LF:16
LH:11
BRDA:23,0,0,0
BRDA:23,0,1,0
BRF:2
BRH:0
end_of_record
TN:
SF:/Users/eugenia/Documents/HR/fec-zagat/zagat-photos-service/server/app.js
FN:13,(anonymous_0)
FN:14,(anonymous_1)
FNF:2
FNH:2
FNDA:4,(anonymous_0)
FNDA:4,(anonymous_1)
DA:1,1
DA:2,1
DA:3,1
DA:4,1
DA:5,1
DA:7,1
DA:9,1
DA:10,1
DA:11,1
DA:13,1
DA:14,4
DA:15,4
DA:16,1
DA:18,3
DA:23,1
LF:15
LH:15
BRDA:15,0,0,1
BRDA:15,0,1,3
BRDA:15,1,0,4
BRDA:15,1,1,4
BRF:4
BRH:4
end_of_record
